ARM GAS  /var/folders/2h/lww79zv53b510qlyvytqnvq40000gn/T//ccoZYEZZ.s 			page 1


   1              		.cpu cortex-m4
   2              		.arch armv7e-m
   3              		.fpu fpv4-sp-d16
   4              		.eabi_attribute 27, 1
   5              		.eabi_attribute 28, 1
   6              		.eabi_attribute 20, 1
   7              		.eabi_attribute 21, 1
   8              		.eabi_attribute 23, 3
   9              		.eabi_attribute 24, 1
  10              		.eabi_attribute 25, 1
  11              		.eabi_attribute 26, 1
  12              		.eabi_attribute 30, 1
  13              		.eabi_attribute 34, 1
  14              		.eabi_attribute 18, 4
  15              		.file	"stm32f4xx_hal_msp.c"
  16              		.text
  17              	.Ltext0:
  18              		.cfi_sections	.debug_frame
  19              		.file 1 "Core/Src/stm32f4xx_hal_msp.c"
  20              		.section	.text.HAL_MspInit,"ax",%progbits
  21              		.align	1
  22              		.global	HAL_MspInit
  23              		.syntax unified
  24              		.thumb
  25              		.thumb_func
  27              	HAL_MspInit:
  28              	.LFB134:
   1:Core/Src/stm32f4xx_hal_msp.c **** /* USER CODE BEGIN Header */
   2:Core/Src/stm32f4xx_hal_msp.c **** /**
   3:Core/Src/stm32f4xx_hal_msp.c ****   ******************************************************************************
   4:Core/Src/stm32f4xx_hal_msp.c ****   * @file         stm32f4xx_hal_msp.c
   5:Core/Src/stm32f4xx_hal_msp.c ****   * @brief        This file provides code for the MSP Initialization
   6:Core/Src/stm32f4xx_hal_msp.c ****   *               and de-Initialization codes.
   7:Core/Src/stm32f4xx_hal_msp.c ****   ******************************************************************************
   8:Core/Src/stm32f4xx_hal_msp.c ****   * @attention
   9:Core/Src/stm32f4xx_hal_msp.c ****   *
  10:Core/Src/stm32f4xx_hal_msp.c ****   * Copyright (c) 2023 STMicroelectronics.
  11:Core/Src/stm32f4xx_hal_msp.c ****   * All rights reserved.
  12:Core/Src/stm32f4xx_hal_msp.c ****   *
  13:Core/Src/stm32f4xx_hal_msp.c ****   * This software is licensed under terms that can be found in the LICENSE file
  14:Core/Src/stm32f4xx_hal_msp.c ****   * in the root directory of this software component.
  15:Core/Src/stm32f4xx_hal_msp.c ****   * If no LICENSE file comes with this software, it is provided AS-IS.
  16:Core/Src/stm32f4xx_hal_msp.c ****   *
  17:Core/Src/stm32f4xx_hal_msp.c ****   ******************************************************************************
  18:Core/Src/stm32f4xx_hal_msp.c ****   */
  19:Core/Src/stm32f4xx_hal_msp.c **** /* USER CODE END Header */
  20:Core/Src/stm32f4xx_hal_msp.c **** 
  21:Core/Src/stm32f4xx_hal_msp.c **** /* Includes ------------------------------------------------------------------*/
  22:Core/Src/stm32f4xx_hal_msp.c **** #include "main.h"
  23:Core/Src/stm32f4xx_hal_msp.c **** 
  24:Core/Src/stm32f4xx_hal_msp.c **** /* USER CODE BEGIN Includes */
  25:Core/Src/stm32f4xx_hal_msp.c **** 
  26:Core/Src/stm32f4xx_hal_msp.c **** /* USER CODE END Includes */
  27:Core/Src/stm32f4xx_hal_msp.c **** 
  28:Core/Src/stm32f4xx_hal_msp.c **** /* Private typedef -----------------------------------------------------------*/
  29:Core/Src/stm32f4xx_hal_msp.c **** /* USER CODE BEGIN TD */
  30:Core/Src/stm32f4xx_hal_msp.c **** 
ARM GAS  /var/folders/2h/lww79zv53b510qlyvytqnvq40000gn/T//ccoZYEZZ.s 			page 2


  31:Core/Src/stm32f4xx_hal_msp.c **** /* USER CODE END TD */
  32:Core/Src/stm32f4xx_hal_msp.c **** 
  33:Core/Src/stm32f4xx_hal_msp.c **** /* Private define ------------------------------------------------------------*/
  34:Core/Src/stm32f4xx_hal_msp.c **** /* USER CODE BEGIN Define */
  35:Core/Src/stm32f4xx_hal_msp.c **** 
  36:Core/Src/stm32f4xx_hal_msp.c **** /* USER CODE END Define */
  37:Core/Src/stm32f4xx_hal_msp.c **** 
  38:Core/Src/stm32f4xx_hal_msp.c **** /* Private macro -------------------------------------------------------------*/
  39:Core/Src/stm32f4xx_hal_msp.c **** /* USER CODE BEGIN Macro */
  40:Core/Src/stm32f4xx_hal_msp.c **** 
  41:Core/Src/stm32f4xx_hal_msp.c **** /* USER CODE END Macro */
  42:Core/Src/stm32f4xx_hal_msp.c **** 
  43:Core/Src/stm32f4xx_hal_msp.c **** /* Private variables ---------------------------------------------------------*/
  44:Core/Src/stm32f4xx_hal_msp.c **** /* USER CODE BEGIN PV */
  45:Core/Src/stm32f4xx_hal_msp.c **** 
  46:Core/Src/stm32f4xx_hal_msp.c **** /* USER CODE END PV */
  47:Core/Src/stm32f4xx_hal_msp.c **** 
  48:Core/Src/stm32f4xx_hal_msp.c **** /* Private function prototypes -----------------------------------------------*/
  49:Core/Src/stm32f4xx_hal_msp.c **** /* USER CODE BEGIN PFP */
  50:Core/Src/stm32f4xx_hal_msp.c **** 
  51:Core/Src/stm32f4xx_hal_msp.c **** /* USER CODE END PFP */
  52:Core/Src/stm32f4xx_hal_msp.c **** 
  53:Core/Src/stm32f4xx_hal_msp.c **** /* External functions --------------------------------------------------------*/
  54:Core/Src/stm32f4xx_hal_msp.c **** /* USER CODE BEGIN ExternalFunctions */
  55:Core/Src/stm32f4xx_hal_msp.c **** 
  56:Core/Src/stm32f4xx_hal_msp.c **** /* USER CODE END ExternalFunctions */
  57:Core/Src/stm32f4xx_hal_msp.c **** 
  58:Core/Src/stm32f4xx_hal_msp.c **** /* USER CODE BEGIN 0 */
  59:Core/Src/stm32f4xx_hal_msp.c **** 
  60:Core/Src/stm32f4xx_hal_msp.c **** /* USER CODE END 0 */
  61:Core/Src/stm32f4xx_hal_msp.c **** /**
  62:Core/Src/stm32f4xx_hal_msp.c ****   * Initializes the Global MSP.
  63:Core/Src/stm32f4xx_hal_msp.c ****   */
  64:Core/Src/stm32f4xx_hal_msp.c **** void HAL_MspInit(void)
  65:Core/Src/stm32f4xx_hal_msp.c **** {
  29              		.loc 1 65 1 view -0
  30              		.cfi_startproc
  31              		@ args = 0, pretend = 0, frame = 8
  32              		@ frame_needed = 0, uses_anonymous_args = 0
  33              		@ link register save eliminated.
  34 0000 82B0     		sub	sp, sp, #8
  35              	.LCFI0:
  36              		.cfi_def_cfa_offset 8
  66:Core/Src/stm32f4xx_hal_msp.c ****   /* USER CODE BEGIN MspInit 0 */
  67:Core/Src/stm32f4xx_hal_msp.c **** 
  68:Core/Src/stm32f4xx_hal_msp.c ****   /* USER CODE END MspInit 0 */
  69:Core/Src/stm32f4xx_hal_msp.c **** 
  70:Core/Src/stm32f4xx_hal_msp.c ****   __HAL_RCC_SYSCFG_CLK_ENABLE();
  37              		.loc 1 70 3 view .LVU1
  38              	.LBB2:
  39              		.loc 1 70 3 view .LVU2
  40 0002 0021     		movs	r1, #0
  41 0004 0091     		str	r1, [sp]
  42              		.loc 1 70 3 view .LVU3
  43 0006 0B4B     		ldr	r3, .L3
  44 0008 5A6C     		ldr	r2, [r3, #68]
  45 000a 42F48042 		orr	r2, r2, #16384
ARM GAS  /var/folders/2h/lww79zv53b510qlyvytqnvq40000gn/T//ccoZYEZZ.s 			page 3


  46 000e 5A64     		str	r2, [r3, #68]
  47              		.loc 1 70 3 view .LVU4
  48 0010 5A6C     		ldr	r2, [r3, #68]
  49 0012 02F48042 		and	r2, r2, #16384
  50 0016 0092     		str	r2, [sp]
  51              		.loc 1 70 3 view .LVU5
  52 0018 009A     		ldr	r2, [sp]
  53              	.LBE2:
  54              		.loc 1 70 3 view .LVU6
  71:Core/Src/stm32f4xx_hal_msp.c ****   __HAL_RCC_PWR_CLK_ENABLE();
  55              		.loc 1 71 3 view .LVU7
  56              	.LBB3:
  57              		.loc 1 71 3 view .LVU8
  58 001a 0191     		str	r1, [sp, #4]
  59              		.loc 1 71 3 view .LVU9
  60 001c 1A6C     		ldr	r2, [r3, #64]
  61 001e 42F08052 		orr	r2, r2, #268435456
  62 0022 1A64     		str	r2, [r3, #64]
  63              		.loc 1 71 3 view .LVU10
  64 0024 1B6C     		ldr	r3, [r3, #64]
  65 0026 03F08053 		and	r3, r3, #268435456
  66 002a 0193     		str	r3, [sp, #4]
  67              		.loc 1 71 3 view .LVU11
  68 002c 019B     		ldr	r3, [sp, #4]
  69              	.LBE3:
  70              		.loc 1 71 3 view .LVU12
  72:Core/Src/stm32f4xx_hal_msp.c **** 
  73:Core/Src/stm32f4xx_hal_msp.c ****   /* System interrupt init*/
  74:Core/Src/stm32f4xx_hal_msp.c **** 
  75:Core/Src/stm32f4xx_hal_msp.c ****   /* USER CODE BEGIN MspInit 1 */
  76:Core/Src/stm32f4xx_hal_msp.c **** 
  77:Core/Src/stm32f4xx_hal_msp.c ****   /* USER CODE END MspInit 1 */
  78:Core/Src/stm32f4xx_hal_msp.c **** }
  71              		.loc 1 78 1 is_stmt 0 view .LVU13
  72 002e 02B0     		add	sp, sp, #8
  73              	.LCFI1:
  74              		.cfi_def_cfa_offset 0
  75              		@ sp needed
  76 0030 7047     		bx	lr
  77              	.L4:
  78 0032 00BF     		.align	2
  79              	.L3:
  80 0034 00380240 		.word	1073887232
  81              		.cfi_endproc
  82              	.LFE134:
  84              		.section	.text.HAL_DAC_MspInit,"ax",%progbits
  85              		.align	1
  86              		.global	HAL_DAC_MspInit
  87              		.syntax unified
  88              		.thumb
  89              		.thumb_func
  91              	HAL_DAC_MspInit:
  92              	.LVL0:
  93              	.LFB135:
  79:Core/Src/stm32f4xx_hal_msp.c **** 
  80:Core/Src/stm32f4xx_hal_msp.c **** /**
  81:Core/Src/stm32f4xx_hal_msp.c **** * @brief DAC MSP Initialization
ARM GAS  /var/folders/2h/lww79zv53b510qlyvytqnvq40000gn/T//ccoZYEZZ.s 			page 4


  82:Core/Src/stm32f4xx_hal_msp.c **** * This function configures the hardware resources used in this example
  83:Core/Src/stm32f4xx_hal_msp.c **** * @param hdac: DAC handle pointer
  84:Core/Src/stm32f4xx_hal_msp.c **** * @retval None
  85:Core/Src/stm32f4xx_hal_msp.c **** */
  86:Core/Src/stm32f4xx_hal_msp.c **** void HAL_DAC_MspInit(DAC_HandleTypeDef* hdac)
  87:Core/Src/stm32f4xx_hal_msp.c **** {
  94              		.loc 1 87 1 is_stmt 1 view -0
  95              		.cfi_startproc
  96              		@ args = 0, pretend = 0, frame = 32
  97              		@ frame_needed = 0, uses_anonymous_args = 0
  98              		.loc 1 87 1 is_stmt 0 view .LVU15
  99 0000 00B5     		push	{lr}
 100              	.LCFI2:
 101              		.cfi_def_cfa_offset 4
 102              		.cfi_offset 14, -4
 103 0002 89B0     		sub	sp, sp, #36
 104              	.LCFI3:
 105              		.cfi_def_cfa_offset 40
  88:Core/Src/stm32f4xx_hal_msp.c ****   GPIO_InitTypeDef GPIO_InitStruct = {0};
 106              		.loc 1 88 3 is_stmt 1 view .LVU16
 107              		.loc 1 88 20 is_stmt 0 view .LVU17
 108 0004 0023     		movs	r3, #0
 109 0006 0393     		str	r3, [sp, #12]
 110 0008 0493     		str	r3, [sp, #16]
 111 000a 0593     		str	r3, [sp, #20]
 112 000c 0693     		str	r3, [sp, #24]
 113 000e 0793     		str	r3, [sp, #28]
  89:Core/Src/stm32f4xx_hal_msp.c ****   if(hdac->Instance==DAC)
 114              		.loc 1 89 3 is_stmt 1 view .LVU18
 115              		.loc 1 89 10 is_stmt 0 view .LVU19
 116 0010 0268     		ldr	r2, [r0]
 117              		.loc 1 89 5 view .LVU20
 118 0012 134B     		ldr	r3, .L9
 119 0014 9A42     		cmp	r2, r3
 120 0016 02D0     		beq	.L8
 121              	.LVL1:
 122              	.L5:
  90:Core/Src/stm32f4xx_hal_msp.c ****   {
  91:Core/Src/stm32f4xx_hal_msp.c ****   /* USER CODE BEGIN DAC_MspInit 0 */
  92:Core/Src/stm32f4xx_hal_msp.c **** 
  93:Core/Src/stm32f4xx_hal_msp.c ****   /* USER CODE END DAC_MspInit 0 */
  94:Core/Src/stm32f4xx_hal_msp.c ****     /* Peripheral clock enable */
  95:Core/Src/stm32f4xx_hal_msp.c ****     __HAL_RCC_DAC_CLK_ENABLE();
  96:Core/Src/stm32f4xx_hal_msp.c **** 
  97:Core/Src/stm32f4xx_hal_msp.c ****     __HAL_RCC_GPIOA_CLK_ENABLE();
  98:Core/Src/stm32f4xx_hal_msp.c ****     /**DAC GPIO Configuration
  99:Core/Src/stm32f4xx_hal_msp.c ****     PA5     ------> DAC_OUT2
 100:Core/Src/stm32f4xx_hal_msp.c ****     */
 101:Core/Src/stm32f4xx_hal_msp.c ****     GPIO_InitStruct.Pin = GPIO_PIN_5;
 102:Core/Src/stm32f4xx_hal_msp.c ****     GPIO_InitStruct.Mode = GPIO_MODE_ANALOG;
 103:Core/Src/stm32f4xx_hal_msp.c ****     GPIO_InitStruct.Pull = GPIO_NOPULL;
 104:Core/Src/stm32f4xx_hal_msp.c ****     HAL_GPIO_Init(GPIOA, &GPIO_InitStruct);
 105:Core/Src/stm32f4xx_hal_msp.c **** 
 106:Core/Src/stm32f4xx_hal_msp.c ****   /* USER CODE BEGIN DAC_MspInit 1 */
 107:Core/Src/stm32f4xx_hal_msp.c **** 
 108:Core/Src/stm32f4xx_hal_msp.c ****   /* USER CODE END DAC_MspInit 1 */
 109:Core/Src/stm32f4xx_hal_msp.c ****   }
ARM GAS  /var/folders/2h/lww79zv53b510qlyvytqnvq40000gn/T//ccoZYEZZ.s 			page 5


 110:Core/Src/stm32f4xx_hal_msp.c **** 
 111:Core/Src/stm32f4xx_hal_msp.c **** }
 123              		.loc 1 111 1 view .LVU21
 124 0018 09B0     		add	sp, sp, #36
 125              	.LCFI4:
 126              		.cfi_remember_state
 127              		.cfi_def_cfa_offset 4
 128              		@ sp needed
 129 001a 5DF804FB 		ldr	pc, [sp], #4
 130              	.LVL2:
 131              	.L8:
 132              	.LCFI5:
 133              		.cfi_restore_state
  95:Core/Src/stm32f4xx_hal_msp.c **** 
 134              		.loc 1 95 5 is_stmt 1 view .LVU22
 135              	.LBB4:
  95:Core/Src/stm32f4xx_hal_msp.c **** 
 136              		.loc 1 95 5 view .LVU23
 137 001e 0021     		movs	r1, #0
 138 0020 0191     		str	r1, [sp, #4]
  95:Core/Src/stm32f4xx_hal_msp.c **** 
 139              		.loc 1 95 5 view .LVU24
 140 0022 03F5E233 		add	r3, r3, #115712
 141 0026 1A6C     		ldr	r2, [r3, #64]
 142 0028 42F00052 		orr	r2, r2, #536870912
 143 002c 1A64     		str	r2, [r3, #64]
  95:Core/Src/stm32f4xx_hal_msp.c **** 
 144              		.loc 1 95 5 view .LVU25
 145 002e 1A6C     		ldr	r2, [r3, #64]
 146 0030 02F00052 		and	r2, r2, #536870912
 147 0034 0192     		str	r2, [sp, #4]
  95:Core/Src/stm32f4xx_hal_msp.c **** 
 148              		.loc 1 95 5 view .LVU26
 149 0036 019A     		ldr	r2, [sp, #4]
 150              	.LBE4:
  95:Core/Src/stm32f4xx_hal_msp.c **** 
 151              		.loc 1 95 5 view .LVU27
  97:Core/Src/stm32f4xx_hal_msp.c ****     /**DAC GPIO Configuration
 152              		.loc 1 97 5 view .LVU28
 153              	.LBB5:
  97:Core/Src/stm32f4xx_hal_msp.c ****     /**DAC GPIO Configuration
 154              		.loc 1 97 5 view .LVU29
 155 0038 0291     		str	r1, [sp, #8]
  97:Core/Src/stm32f4xx_hal_msp.c ****     /**DAC GPIO Configuration
 156              		.loc 1 97 5 view .LVU30
 157 003a 1A6B     		ldr	r2, [r3, #48]
 158 003c 42F00102 		orr	r2, r2, #1
 159 0040 1A63     		str	r2, [r3, #48]
  97:Core/Src/stm32f4xx_hal_msp.c ****     /**DAC GPIO Configuration
 160              		.loc 1 97 5 view .LVU31
 161 0042 1B6B     		ldr	r3, [r3, #48]
 162 0044 03F00103 		and	r3, r3, #1
 163 0048 0293     		str	r3, [sp, #8]
  97:Core/Src/stm32f4xx_hal_msp.c ****     /**DAC GPIO Configuration
 164              		.loc 1 97 5 view .LVU32
 165 004a 029B     		ldr	r3, [sp, #8]
 166              	.LBE5:
ARM GAS  /var/folders/2h/lww79zv53b510qlyvytqnvq40000gn/T//ccoZYEZZ.s 			page 6


  97:Core/Src/stm32f4xx_hal_msp.c ****     /**DAC GPIO Configuration
 167              		.loc 1 97 5 view .LVU33
 101:Core/Src/stm32f4xx_hal_msp.c ****     GPIO_InitStruct.Mode = GPIO_MODE_ANALOG;
 168              		.loc 1 101 5 view .LVU34
 101:Core/Src/stm32f4xx_hal_msp.c ****     GPIO_InitStruct.Mode = GPIO_MODE_ANALOG;
 169              		.loc 1 101 25 is_stmt 0 view .LVU35
 170 004c 2023     		movs	r3, #32
 171 004e 0393     		str	r3, [sp, #12]
 102:Core/Src/stm32f4xx_hal_msp.c ****     GPIO_InitStruct.Pull = GPIO_NOPULL;
 172              		.loc 1 102 5 is_stmt 1 view .LVU36
 102:Core/Src/stm32f4xx_hal_msp.c ****     GPIO_InitStruct.Pull = GPIO_NOPULL;
 173              		.loc 1 102 26 is_stmt 0 view .LVU37
 174 0050 0323     		movs	r3, #3
 175 0052 0493     		str	r3, [sp, #16]
 103:Core/Src/stm32f4xx_hal_msp.c ****     HAL_GPIO_Init(GPIOA, &GPIO_InitStruct);
 176              		.loc 1 103 5 is_stmt 1 view .LVU38
 104:Core/Src/stm32f4xx_hal_msp.c **** 
 177              		.loc 1 104 5 view .LVU39
 178 0054 03A9     		add	r1, sp, #12
 179 0056 0348     		ldr	r0, .L9+4
 180              	.LVL3:
 104:Core/Src/stm32f4xx_hal_msp.c **** 
 181              		.loc 1 104 5 is_stmt 0 view .LVU40
 182 0058 FFF7FEFF 		bl	HAL_GPIO_Init
 183              	.LVL4:
 184              		.loc 1 111 1 view .LVU41
 185 005c DCE7     		b	.L5
 186              	.L10:
 187 005e 00BF     		.align	2
 188              	.L9:
 189 0060 00740040 		.word	1073771520
 190 0064 00000240 		.word	1073872896
 191              		.cfi_endproc
 192              	.LFE135:
 194              		.section	.text.HAL_DAC_MspDeInit,"ax",%progbits
 195              		.align	1
 196              		.global	HAL_DAC_MspDeInit
 197              		.syntax unified
 198              		.thumb
 199              		.thumb_func
 201              	HAL_DAC_MspDeInit:
 202              	.LVL5:
 203              	.LFB136:
 112:Core/Src/stm32f4xx_hal_msp.c **** 
 113:Core/Src/stm32f4xx_hal_msp.c **** /**
 114:Core/Src/stm32f4xx_hal_msp.c **** * @brief DAC MSP De-Initialization
 115:Core/Src/stm32f4xx_hal_msp.c **** * This function freeze the hardware resources used in this example
 116:Core/Src/stm32f4xx_hal_msp.c **** * @param hdac: DAC handle pointer
 117:Core/Src/stm32f4xx_hal_msp.c **** * @retval None
 118:Core/Src/stm32f4xx_hal_msp.c **** */
 119:Core/Src/stm32f4xx_hal_msp.c **** void HAL_DAC_MspDeInit(DAC_HandleTypeDef* hdac)
 120:Core/Src/stm32f4xx_hal_msp.c **** {
 204              		.loc 1 120 1 is_stmt 1 view -0
 205              		.cfi_startproc
 206              		@ args = 0, pretend = 0, frame = 0
 207              		@ frame_needed = 0, uses_anonymous_args = 0
 208              		.loc 1 120 1 is_stmt 0 view .LVU43
ARM GAS  /var/folders/2h/lww79zv53b510qlyvytqnvq40000gn/T//ccoZYEZZ.s 			page 7


 209 0000 08B5     		push	{r3, lr}
 210              	.LCFI6:
 211              		.cfi_def_cfa_offset 8
 212              		.cfi_offset 3, -8
 213              		.cfi_offset 14, -4
 121:Core/Src/stm32f4xx_hal_msp.c ****   if(hdac->Instance==DAC)
 214              		.loc 1 121 3 is_stmt 1 view .LVU44
 215              		.loc 1 121 10 is_stmt 0 view .LVU45
 216 0002 0268     		ldr	r2, [r0]
 217              		.loc 1 121 5 view .LVU46
 218 0004 064B     		ldr	r3, .L15
 219 0006 9A42     		cmp	r2, r3
 220 0008 00D0     		beq	.L14
 221              	.LVL6:
 222              	.L11:
 122:Core/Src/stm32f4xx_hal_msp.c ****   {
 123:Core/Src/stm32f4xx_hal_msp.c ****   /* USER CODE BEGIN DAC_MspDeInit 0 */
 124:Core/Src/stm32f4xx_hal_msp.c **** 
 125:Core/Src/stm32f4xx_hal_msp.c ****   /* USER CODE END DAC_MspDeInit 0 */
 126:Core/Src/stm32f4xx_hal_msp.c ****     /* Peripheral clock disable */
 127:Core/Src/stm32f4xx_hal_msp.c ****     __HAL_RCC_DAC_CLK_DISABLE();
 128:Core/Src/stm32f4xx_hal_msp.c **** 
 129:Core/Src/stm32f4xx_hal_msp.c ****     /**DAC GPIO Configuration
 130:Core/Src/stm32f4xx_hal_msp.c ****     PA5     ------> DAC_OUT2
 131:Core/Src/stm32f4xx_hal_msp.c ****     */
 132:Core/Src/stm32f4xx_hal_msp.c ****     HAL_GPIO_DeInit(GPIOA, GPIO_PIN_5);
 133:Core/Src/stm32f4xx_hal_msp.c **** 
 134:Core/Src/stm32f4xx_hal_msp.c ****   /* USER CODE BEGIN DAC_MspDeInit 1 */
 135:Core/Src/stm32f4xx_hal_msp.c **** 
 136:Core/Src/stm32f4xx_hal_msp.c ****   /* USER CODE END DAC_MspDeInit 1 */
 137:Core/Src/stm32f4xx_hal_msp.c ****   }
 138:Core/Src/stm32f4xx_hal_msp.c **** 
 139:Core/Src/stm32f4xx_hal_msp.c **** }
 223              		.loc 1 139 1 view .LVU47
 224 000a 08BD     		pop	{r3, pc}
 225              	.LVL7:
 226              	.L14:
 127:Core/Src/stm32f4xx_hal_msp.c **** 
 227              		.loc 1 127 5 is_stmt 1 view .LVU48
 228 000c 054A     		ldr	r2, .L15+4
 229 000e 136C     		ldr	r3, [r2, #64]
 230 0010 23F00053 		bic	r3, r3, #536870912
 231 0014 1364     		str	r3, [r2, #64]
 132:Core/Src/stm32f4xx_hal_msp.c **** 
 232              		.loc 1 132 5 view .LVU49
 233 0016 2021     		movs	r1, #32
 234 0018 0348     		ldr	r0, .L15+8
 235              	.LVL8:
 132:Core/Src/stm32f4xx_hal_msp.c **** 
 236              		.loc 1 132 5 is_stmt 0 view .LVU50
 237 001a FFF7FEFF 		bl	HAL_GPIO_DeInit
 238              	.LVL9:
 239              		.loc 1 139 1 view .LVU51
 240 001e F4E7     		b	.L11
 241              	.L16:
 242              		.align	2
 243              	.L15:
ARM GAS  /var/folders/2h/lww79zv53b510qlyvytqnvq40000gn/T//ccoZYEZZ.s 			page 8


 244 0020 00740040 		.word	1073771520
 245 0024 00380240 		.word	1073887232
 246 0028 00000240 		.word	1073872896
 247              		.cfi_endproc
 248              	.LFE136:
 250              		.section	.text.HAL_TIM_Encoder_MspInit,"ax",%progbits
 251              		.align	1
 252              		.global	HAL_TIM_Encoder_MspInit
 253              		.syntax unified
 254              		.thumb
 255              		.thumb_func
 257              	HAL_TIM_Encoder_MspInit:
 258              	.LVL10:
 259              	.LFB137:
 140:Core/Src/stm32f4xx_hal_msp.c **** 
 141:Core/Src/stm32f4xx_hal_msp.c **** /**
 142:Core/Src/stm32f4xx_hal_msp.c **** * @brief TIM_Encoder MSP Initialization
 143:Core/Src/stm32f4xx_hal_msp.c **** * This function configures the hardware resources used in this example
 144:Core/Src/stm32f4xx_hal_msp.c **** * @param htim_encoder: TIM_Encoder handle pointer
 145:Core/Src/stm32f4xx_hal_msp.c **** * @retval None
 146:Core/Src/stm32f4xx_hal_msp.c **** */
 147:Core/Src/stm32f4xx_hal_msp.c **** void HAL_TIM_Encoder_MspInit(TIM_HandleTypeDef* htim_encoder)
 148:Core/Src/stm32f4xx_hal_msp.c **** {
 260              		.loc 1 148 1 is_stmt 1 view -0
 261              		.cfi_startproc
 262              		@ args = 0, pretend = 0, frame = 32
 263              		@ frame_needed = 0, uses_anonymous_args = 0
 264              		.loc 1 148 1 is_stmt 0 view .LVU53
 265 0000 00B5     		push	{lr}
 266              	.LCFI7:
 267              		.cfi_def_cfa_offset 4
 268              		.cfi_offset 14, -4
 269 0002 89B0     		sub	sp, sp, #36
 270              	.LCFI8:
 271              		.cfi_def_cfa_offset 40
 149:Core/Src/stm32f4xx_hal_msp.c ****   GPIO_InitTypeDef GPIO_InitStruct = {0};
 272              		.loc 1 149 3 is_stmt 1 view .LVU54
 273              		.loc 1 149 20 is_stmt 0 view .LVU55
 274 0004 0023     		movs	r3, #0
 275 0006 0393     		str	r3, [sp, #12]
 276 0008 0493     		str	r3, [sp, #16]
 277 000a 0593     		str	r3, [sp, #20]
 278 000c 0693     		str	r3, [sp, #24]
 279 000e 0793     		str	r3, [sp, #28]
 150:Core/Src/stm32f4xx_hal_msp.c ****   if(htim_encoder->Instance==TIM2)
 280              		.loc 1 150 3 is_stmt 1 view .LVU56
 281              		.loc 1 150 18 is_stmt 0 view .LVU57
 282 0010 0368     		ldr	r3, [r0]
 283              		.loc 1 150 5 view .LVU58
 284 0012 B3F1804F 		cmp	r3, #1073741824
 285 0016 02D0     		beq	.L20
 286              	.LVL11:
 287              	.L17:
 151:Core/Src/stm32f4xx_hal_msp.c ****   {
 152:Core/Src/stm32f4xx_hal_msp.c ****   /* USER CODE BEGIN TIM2_MspInit 0 */
 153:Core/Src/stm32f4xx_hal_msp.c **** 
 154:Core/Src/stm32f4xx_hal_msp.c ****   /* USER CODE END TIM2_MspInit 0 */
ARM GAS  /var/folders/2h/lww79zv53b510qlyvytqnvq40000gn/T//ccoZYEZZ.s 			page 9


 155:Core/Src/stm32f4xx_hal_msp.c ****     /* Peripheral clock enable */
 156:Core/Src/stm32f4xx_hal_msp.c ****     __HAL_RCC_TIM2_CLK_ENABLE();
 157:Core/Src/stm32f4xx_hal_msp.c **** 
 158:Core/Src/stm32f4xx_hal_msp.c ****     __HAL_RCC_GPIOA_CLK_ENABLE();
 159:Core/Src/stm32f4xx_hal_msp.c ****     /**TIM2 GPIO Configuration
 160:Core/Src/stm32f4xx_hal_msp.c ****     PA0-WKUP     ------> TIM2_CH1
 161:Core/Src/stm32f4xx_hal_msp.c ****     PA1     ------> TIM2_CH2
 162:Core/Src/stm32f4xx_hal_msp.c ****     */
 163:Core/Src/stm32f4xx_hal_msp.c ****     GPIO_InitStruct.Pin = GPIO_PIN_0|GPIO_PIN_1;
 164:Core/Src/stm32f4xx_hal_msp.c ****     GPIO_InitStruct.Mode = GPIO_MODE_AF_PP;
 165:Core/Src/stm32f4xx_hal_msp.c ****     GPIO_InitStruct.Pull = GPIO_NOPULL;
 166:Core/Src/stm32f4xx_hal_msp.c ****     GPIO_InitStruct.Speed = GPIO_SPEED_FREQ_LOW;
 167:Core/Src/stm32f4xx_hal_msp.c ****     GPIO_InitStruct.Alternate = GPIO_AF1_TIM2;
 168:Core/Src/stm32f4xx_hal_msp.c ****     HAL_GPIO_Init(GPIOA, &GPIO_InitStruct);
 169:Core/Src/stm32f4xx_hal_msp.c **** 
 170:Core/Src/stm32f4xx_hal_msp.c ****   /* USER CODE BEGIN TIM2_MspInit 1 */
 171:Core/Src/stm32f4xx_hal_msp.c **** 
 172:Core/Src/stm32f4xx_hal_msp.c ****   /* USER CODE END TIM2_MspInit 1 */
 173:Core/Src/stm32f4xx_hal_msp.c ****   }
 174:Core/Src/stm32f4xx_hal_msp.c **** 
 175:Core/Src/stm32f4xx_hal_msp.c **** }
 288              		.loc 1 175 1 view .LVU59
 289 0018 09B0     		add	sp, sp, #36
 290              	.LCFI9:
 291              		.cfi_remember_state
 292              		.cfi_def_cfa_offset 4
 293              		@ sp needed
 294 001a 5DF804FB 		ldr	pc, [sp], #4
 295              	.LVL12:
 296              	.L20:
 297              	.LCFI10:
 298              		.cfi_restore_state
 156:Core/Src/stm32f4xx_hal_msp.c **** 
 299              		.loc 1 156 5 is_stmt 1 view .LVU60
 300              	.LBB6:
 156:Core/Src/stm32f4xx_hal_msp.c **** 
 301              		.loc 1 156 5 view .LVU61
 302 001e 0021     		movs	r1, #0
 303 0020 0191     		str	r1, [sp, #4]
 156:Core/Src/stm32f4xx_hal_msp.c **** 
 304              		.loc 1 156 5 view .LVU62
 305 0022 03F50E33 		add	r3, r3, #145408
 306 0026 1A6C     		ldr	r2, [r3, #64]
 307 0028 42F00102 		orr	r2, r2, #1
 308 002c 1A64     		str	r2, [r3, #64]
 156:Core/Src/stm32f4xx_hal_msp.c **** 
 309              		.loc 1 156 5 view .LVU63
 310 002e 1A6C     		ldr	r2, [r3, #64]
 311 0030 02F00102 		and	r2, r2, #1
 312 0034 0192     		str	r2, [sp, #4]
 156:Core/Src/stm32f4xx_hal_msp.c **** 
 313              		.loc 1 156 5 view .LVU64
 314 0036 019A     		ldr	r2, [sp, #4]
 315              	.LBE6:
 156:Core/Src/stm32f4xx_hal_msp.c **** 
 316              		.loc 1 156 5 view .LVU65
 158:Core/Src/stm32f4xx_hal_msp.c ****     /**TIM2 GPIO Configuration
ARM GAS  /var/folders/2h/lww79zv53b510qlyvytqnvq40000gn/T//ccoZYEZZ.s 			page 10


 317              		.loc 1 158 5 view .LVU66
 318              	.LBB7:
 158:Core/Src/stm32f4xx_hal_msp.c ****     /**TIM2 GPIO Configuration
 319              		.loc 1 158 5 view .LVU67
 320 0038 0291     		str	r1, [sp, #8]
 158:Core/Src/stm32f4xx_hal_msp.c ****     /**TIM2 GPIO Configuration
 321              		.loc 1 158 5 view .LVU68
 322 003a 1A6B     		ldr	r2, [r3, #48]
 323 003c 42F00102 		orr	r2, r2, #1
 324 0040 1A63     		str	r2, [r3, #48]
 158:Core/Src/stm32f4xx_hal_msp.c ****     /**TIM2 GPIO Configuration
 325              		.loc 1 158 5 view .LVU69
 326 0042 1B6B     		ldr	r3, [r3, #48]
 327 0044 03F00103 		and	r3, r3, #1
 328 0048 0293     		str	r3, [sp, #8]
 158:Core/Src/stm32f4xx_hal_msp.c ****     /**TIM2 GPIO Configuration
 329              		.loc 1 158 5 view .LVU70
 330 004a 029B     		ldr	r3, [sp, #8]
 331              	.LBE7:
 158:Core/Src/stm32f4xx_hal_msp.c ****     /**TIM2 GPIO Configuration
 332              		.loc 1 158 5 view .LVU71
 163:Core/Src/stm32f4xx_hal_msp.c ****     GPIO_InitStruct.Mode = GPIO_MODE_AF_PP;
 333              		.loc 1 163 5 view .LVU72
 163:Core/Src/stm32f4xx_hal_msp.c ****     GPIO_InitStruct.Mode = GPIO_MODE_AF_PP;
 334              		.loc 1 163 25 is_stmt 0 view .LVU73
 335 004c 0323     		movs	r3, #3
 336 004e 0393     		str	r3, [sp, #12]
 164:Core/Src/stm32f4xx_hal_msp.c ****     GPIO_InitStruct.Pull = GPIO_NOPULL;
 337              		.loc 1 164 5 is_stmt 1 view .LVU74
 164:Core/Src/stm32f4xx_hal_msp.c ****     GPIO_InitStruct.Pull = GPIO_NOPULL;
 338              		.loc 1 164 26 is_stmt 0 view .LVU75
 339 0050 0223     		movs	r3, #2
 340 0052 0493     		str	r3, [sp, #16]
 165:Core/Src/stm32f4xx_hal_msp.c ****     GPIO_InitStruct.Speed = GPIO_SPEED_FREQ_LOW;
 341              		.loc 1 165 5 is_stmt 1 view .LVU76
 166:Core/Src/stm32f4xx_hal_msp.c ****     GPIO_InitStruct.Alternate = GPIO_AF1_TIM2;
 342              		.loc 1 166 5 view .LVU77
 167:Core/Src/stm32f4xx_hal_msp.c ****     HAL_GPIO_Init(GPIOA, &GPIO_InitStruct);
 343              		.loc 1 167 5 view .LVU78
 167:Core/Src/stm32f4xx_hal_msp.c ****     HAL_GPIO_Init(GPIOA, &GPIO_InitStruct);
 344              		.loc 1 167 31 is_stmt 0 view .LVU79
 345 0054 0123     		movs	r3, #1
 346 0056 0793     		str	r3, [sp, #28]
 168:Core/Src/stm32f4xx_hal_msp.c **** 
 347              		.loc 1 168 5 is_stmt 1 view .LVU80
 348 0058 03A9     		add	r1, sp, #12
 349 005a 0248     		ldr	r0, .L21
 350              	.LVL13:
 168:Core/Src/stm32f4xx_hal_msp.c **** 
 351              		.loc 1 168 5 is_stmt 0 view .LVU81
 352 005c FFF7FEFF 		bl	HAL_GPIO_Init
 353              	.LVL14:
 354              		.loc 1 175 1 view .LVU82
 355 0060 DAE7     		b	.L17
 356              	.L22:
 357 0062 00BF     		.align	2
 358              	.L21:
ARM GAS  /var/folders/2h/lww79zv53b510qlyvytqnvq40000gn/T//ccoZYEZZ.s 			page 11


 359 0064 00000240 		.word	1073872896
 360              		.cfi_endproc
 361              	.LFE137:
 363              		.section	.text.HAL_TIM_Encoder_MspDeInit,"ax",%progbits
 364              		.align	1
 365              		.global	HAL_TIM_Encoder_MspDeInit
 366              		.syntax unified
 367              		.thumb
 368              		.thumb_func
 370              	HAL_TIM_Encoder_MspDeInit:
 371              	.LVL15:
 372              	.LFB138:
 176:Core/Src/stm32f4xx_hal_msp.c **** 
 177:Core/Src/stm32f4xx_hal_msp.c **** /**
 178:Core/Src/stm32f4xx_hal_msp.c **** * @brief TIM_Encoder MSP De-Initialization
 179:Core/Src/stm32f4xx_hal_msp.c **** * This function freeze the hardware resources used in this example
 180:Core/Src/stm32f4xx_hal_msp.c **** * @param htim_encoder: TIM_Encoder handle pointer
 181:Core/Src/stm32f4xx_hal_msp.c **** * @retval None
 182:Core/Src/stm32f4xx_hal_msp.c **** */
 183:Core/Src/stm32f4xx_hal_msp.c **** void HAL_TIM_Encoder_MspDeInit(TIM_HandleTypeDef* htim_encoder)
 184:Core/Src/stm32f4xx_hal_msp.c **** {
 373              		.loc 1 184 1 is_stmt 1 view -0
 374              		.cfi_startproc
 375              		@ args = 0, pretend = 0, frame = 0
 376              		@ frame_needed = 0, uses_anonymous_args = 0
 377              		.loc 1 184 1 is_stmt 0 view .LVU84
 378 0000 08B5     		push	{r3, lr}
 379              	.LCFI11:
 380              		.cfi_def_cfa_offset 8
 381              		.cfi_offset 3, -8
 382              		.cfi_offset 14, -4
 185:Core/Src/stm32f4xx_hal_msp.c ****   if(htim_encoder->Instance==TIM2)
 383              		.loc 1 185 3 is_stmt 1 view .LVU85
 384              		.loc 1 185 18 is_stmt 0 view .LVU86
 385 0002 0368     		ldr	r3, [r0]
 386              		.loc 1 185 5 view .LVU87
 387 0004 B3F1804F 		cmp	r3, #1073741824
 388 0008 00D0     		beq	.L26
 389              	.LVL16:
 390              	.L23:
 186:Core/Src/stm32f4xx_hal_msp.c ****   {
 187:Core/Src/stm32f4xx_hal_msp.c ****   /* USER CODE BEGIN TIM2_MspDeInit 0 */
 188:Core/Src/stm32f4xx_hal_msp.c **** 
 189:Core/Src/stm32f4xx_hal_msp.c ****   /* USER CODE END TIM2_MspDeInit 0 */
 190:Core/Src/stm32f4xx_hal_msp.c ****     /* Peripheral clock disable */
 191:Core/Src/stm32f4xx_hal_msp.c ****     __HAL_RCC_TIM2_CLK_DISABLE();
 192:Core/Src/stm32f4xx_hal_msp.c **** 
 193:Core/Src/stm32f4xx_hal_msp.c ****     /**TIM2 GPIO Configuration
 194:Core/Src/stm32f4xx_hal_msp.c ****     PA0-WKUP     ------> TIM2_CH1
 195:Core/Src/stm32f4xx_hal_msp.c ****     PA1     ------> TIM2_CH2
 196:Core/Src/stm32f4xx_hal_msp.c ****     */
 197:Core/Src/stm32f4xx_hal_msp.c ****     HAL_GPIO_DeInit(GPIOA, GPIO_PIN_0|GPIO_PIN_1);
 198:Core/Src/stm32f4xx_hal_msp.c **** 
 199:Core/Src/stm32f4xx_hal_msp.c ****   /* USER CODE BEGIN TIM2_MspDeInit 1 */
 200:Core/Src/stm32f4xx_hal_msp.c **** 
 201:Core/Src/stm32f4xx_hal_msp.c ****   /* USER CODE END TIM2_MspDeInit 1 */
 202:Core/Src/stm32f4xx_hal_msp.c ****   }
ARM GAS  /var/folders/2h/lww79zv53b510qlyvytqnvq40000gn/T//ccoZYEZZ.s 			page 12


 203:Core/Src/stm32f4xx_hal_msp.c **** 
 204:Core/Src/stm32f4xx_hal_msp.c **** }
 391              		.loc 1 204 1 view .LVU88
 392 000a 08BD     		pop	{r3, pc}
 393              	.LVL17:
 394              	.L26:
 191:Core/Src/stm32f4xx_hal_msp.c **** 
 395              		.loc 1 191 5 is_stmt 1 view .LVU89
 396 000c 044A     		ldr	r2, .L27
 397 000e 136C     		ldr	r3, [r2, #64]
 398 0010 23F00103 		bic	r3, r3, #1
 399 0014 1364     		str	r3, [r2, #64]
 197:Core/Src/stm32f4xx_hal_msp.c **** 
 400              		.loc 1 197 5 view .LVU90
 401 0016 0321     		movs	r1, #3
 402 0018 0248     		ldr	r0, .L27+4
 403              	.LVL18:
 197:Core/Src/stm32f4xx_hal_msp.c **** 
 404              		.loc 1 197 5 is_stmt 0 view .LVU91
 405 001a FFF7FEFF 		bl	HAL_GPIO_DeInit
 406              	.LVL19:
 407              		.loc 1 204 1 view .LVU92
 408 001e F4E7     		b	.L23
 409              	.L28:
 410              		.align	2
 411              	.L27:
 412 0020 00380240 		.word	1073887232
 413 0024 00000240 		.word	1073872896
 414              		.cfi_endproc
 415              	.LFE138:
 417              		.section	.text.HAL_UART_MspInit,"ax",%progbits
 418              		.align	1
 419              		.global	HAL_UART_MspInit
 420              		.syntax unified
 421              		.thumb
 422              		.thumb_func
 424              	HAL_UART_MspInit:
 425              	.LVL20:
 426              	.LFB139:
 205:Core/Src/stm32f4xx_hal_msp.c **** 
 206:Core/Src/stm32f4xx_hal_msp.c **** /**
 207:Core/Src/stm32f4xx_hal_msp.c **** * @brief UART MSP Initialization
 208:Core/Src/stm32f4xx_hal_msp.c **** * This function configures the hardware resources used in this example
 209:Core/Src/stm32f4xx_hal_msp.c **** * @param huart: UART handle pointer
 210:Core/Src/stm32f4xx_hal_msp.c **** * @retval None
 211:Core/Src/stm32f4xx_hal_msp.c **** */
 212:Core/Src/stm32f4xx_hal_msp.c **** void HAL_UART_MspInit(UART_HandleTypeDef* huart)
 213:Core/Src/stm32f4xx_hal_msp.c **** {
 427              		.loc 1 213 1 is_stmt 1 view -0
 428              		.cfi_startproc
 429              		@ args = 0, pretend = 0, frame = 32
 430              		@ frame_needed = 0, uses_anonymous_args = 0
 431              		.loc 1 213 1 is_stmt 0 view .LVU94
 432 0000 10B5     		push	{r4, lr}
 433              	.LCFI12:
 434              		.cfi_def_cfa_offset 8
 435              		.cfi_offset 4, -8
ARM GAS  /var/folders/2h/lww79zv53b510qlyvytqnvq40000gn/T//ccoZYEZZ.s 			page 13


 436              		.cfi_offset 14, -4
 437 0002 88B0     		sub	sp, sp, #32
 438              	.LCFI13:
 439              		.cfi_def_cfa_offset 40
 214:Core/Src/stm32f4xx_hal_msp.c ****   GPIO_InitTypeDef GPIO_InitStruct = {0};
 440              		.loc 1 214 3 is_stmt 1 view .LVU95
 441              		.loc 1 214 20 is_stmt 0 view .LVU96
 442 0004 0023     		movs	r3, #0
 443 0006 0393     		str	r3, [sp, #12]
 444 0008 0493     		str	r3, [sp, #16]
 445 000a 0593     		str	r3, [sp, #20]
 446 000c 0693     		str	r3, [sp, #24]
 447 000e 0793     		str	r3, [sp, #28]
 215:Core/Src/stm32f4xx_hal_msp.c ****   if(huart->Instance==USART2)
 448              		.loc 1 215 3 is_stmt 1 view .LVU97
 449              		.loc 1 215 11 is_stmt 0 view .LVU98
 450 0010 0268     		ldr	r2, [r0]
 451              		.loc 1 215 5 view .LVU99
 452 0012 184B     		ldr	r3, .L33
 453 0014 9A42     		cmp	r2, r3
 454 0016 01D0     		beq	.L32
 455              	.LVL21:
 456              	.L29:
 216:Core/Src/stm32f4xx_hal_msp.c ****   {
 217:Core/Src/stm32f4xx_hal_msp.c ****   /* USER CODE BEGIN USART2_MspInit 0 */
 218:Core/Src/stm32f4xx_hal_msp.c **** 
 219:Core/Src/stm32f4xx_hal_msp.c ****   /* USER CODE END USART2_MspInit 0 */
 220:Core/Src/stm32f4xx_hal_msp.c ****     /* Peripheral clock enable */
 221:Core/Src/stm32f4xx_hal_msp.c ****     __HAL_RCC_USART2_CLK_ENABLE();
 222:Core/Src/stm32f4xx_hal_msp.c **** 
 223:Core/Src/stm32f4xx_hal_msp.c ****     __HAL_RCC_GPIOA_CLK_ENABLE();
 224:Core/Src/stm32f4xx_hal_msp.c ****     /**USART2 GPIO Configuration
 225:Core/Src/stm32f4xx_hal_msp.c ****     PA2     ------> USART2_TX
 226:Core/Src/stm32f4xx_hal_msp.c ****     PA3     ------> USART2_RX
 227:Core/Src/stm32f4xx_hal_msp.c ****     */
 228:Core/Src/stm32f4xx_hal_msp.c ****     GPIO_InitStruct.Pin = GPIO_PIN_2|GPIO_PIN_3;
 229:Core/Src/stm32f4xx_hal_msp.c ****     GPIO_InitStruct.Mode = GPIO_MODE_AF_PP;
 230:Core/Src/stm32f4xx_hal_msp.c ****     GPIO_InitStruct.Pull = GPIO_NOPULL;
 231:Core/Src/stm32f4xx_hal_msp.c ****     GPIO_InitStruct.Speed = GPIO_SPEED_FREQ_VERY_HIGH;
 232:Core/Src/stm32f4xx_hal_msp.c ****     GPIO_InitStruct.Alternate = GPIO_AF7_USART2;
 233:Core/Src/stm32f4xx_hal_msp.c ****     HAL_GPIO_Init(GPIOA, &GPIO_InitStruct);
 234:Core/Src/stm32f4xx_hal_msp.c **** 
 235:Core/Src/stm32f4xx_hal_msp.c ****     /* USART2 interrupt Init */
 236:Core/Src/stm32f4xx_hal_msp.c ****     HAL_NVIC_SetPriority(USART2_IRQn, 0, 0);
 237:Core/Src/stm32f4xx_hal_msp.c ****     HAL_NVIC_EnableIRQ(USART2_IRQn);
 238:Core/Src/stm32f4xx_hal_msp.c ****   /* USER CODE BEGIN USART2_MspInit 1 */
 239:Core/Src/stm32f4xx_hal_msp.c **** 
 240:Core/Src/stm32f4xx_hal_msp.c ****   /* USER CODE END USART2_MspInit 1 */
 241:Core/Src/stm32f4xx_hal_msp.c ****   }
 242:Core/Src/stm32f4xx_hal_msp.c **** 
 243:Core/Src/stm32f4xx_hal_msp.c **** }
 457              		.loc 1 243 1 view .LVU100
 458 0018 08B0     		add	sp, sp, #32
 459              	.LCFI14:
 460              		.cfi_remember_state
 461              		.cfi_def_cfa_offset 8
 462              		@ sp needed
ARM GAS  /var/folders/2h/lww79zv53b510qlyvytqnvq40000gn/T//ccoZYEZZ.s 			page 14


 463 001a 10BD     		pop	{r4, pc}
 464              	.LVL22:
 465              	.L32:
 466              	.LCFI15:
 467              		.cfi_restore_state
 221:Core/Src/stm32f4xx_hal_msp.c **** 
 468              		.loc 1 221 5 is_stmt 1 view .LVU101
 469              	.LBB8:
 221:Core/Src/stm32f4xx_hal_msp.c **** 
 470              		.loc 1 221 5 view .LVU102
 471 001c 0024     		movs	r4, #0
 472 001e 0194     		str	r4, [sp, #4]
 221:Core/Src/stm32f4xx_hal_msp.c **** 
 473              		.loc 1 221 5 view .LVU103
 474 0020 03F5FA33 		add	r3, r3, #128000
 475 0024 1A6C     		ldr	r2, [r3, #64]
 476 0026 42F40032 		orr	r2, r2, #131072
 477 002a 1A64     		str	r2, [r3, #64]
 221:Core/Src/stm32f4xx_hal_msp.c **** 
 478              		.loc 1 221 5 view .LVU104
 479 002c 1A6C     		ldr	r2, [r3, #64]
 480 002e 02F40032 		and	r2, r2, #131072
 481 0032 0192     		str	r2, [sp, #4]
 221:Core/Src/stm32f4xx_hal_msp.c **** 
 482              		.loc 1 221 5 view .LVU105
 483 0034 019A     		ldr	r2, [sp, #4]
 484              	.LBE8:
 221:Core/Src/stm32f4xx_hal_msp.c **** 
 485              		.loc 1 221 5 view .LVU106
 223:Core/Src/stm32f4xx_hal_msp.c ****     /**USART2 GPIO Configuration
 486              		.loc 1 223 5 view .LVU107
 487              	.LBB9:
 223:Core/Src/stm32f4xx_hal_msp.c ****     /**USART2 GPIO Configuration
 488              		.loc 1 223 5 view .LVU108
 489 0036 0294     		str	r4, [sp, #8]
 223:Core/Src/stm32f4xx_hal_msp.c ****     /**USART2 GPIO Configuration
 490              		.loc 1 223 5 view .LVU109
 491 0038 1A6B     		ldr	r2, [r3, #48]
 492 003a 42F00102 		orr	r2, r2, #1
 493 003e 1A63     		str	r2, [r3, #48]
 223:Core/Src/stm32f4xx_hal_msp.c ****     /**USART2 GPIO Configuration
 494              		.loc 1 223 5 view .LVU110
 495 0040 1B6B     		ldr	r3, [r3, #48]
 496 0042 03F00103 		and	r3, r3, #1
 497 0046 0293     		str	r3, [sp, #8]
 223:Core/Src/stm32f4xx_hal_msp.c ****     /**USART2 GPIO Configuration
 498              		.loc 1 223 5 view .LVU111
 499 0048 029B     		ldr	r3, [sp, #8]
 500              	.LBE9:
 223:Core/Src/stm32f4xx_hal_msp.c ****     /**USART2 GPIO Configuration
 501              		.loc 1 223 5 view .LVU112
 228:Core/Src/stm32f4xx_hal_msp.c ****     GPIO_InitStruct.Mode = GPIO_MODE_AF_PP;
 502              		.loc 1 228 5 view .LVU113
 228:Core/Src/stm32f4xx_hal_msp.c ****     GPIO_InitStruct.Mode = GPIO_MODE_AF_PP;
 503              		.loc 1 228 25 is_stmt 0 view .LVU114
 504 004a 0C23     		movs	r3, #12
 505 004c 0393     		str	r3, [sp, #12]
ARM GAS  /var/folders/2h/lww79zv53b510qlyvytqnvq40000gn/T//ccoZYEZZ.s 			page 15


 229:Core/Src/stm32f4xx_hal_msp.c ****     GPIO_InitStruct.Pull = GPIO_NOPULL;
 506              		.loc 1 229 5 is_stmt 1 view .LVU115
 229:Core/Src/stm32f4xx_hal_msp.c ****     GPIO_InitStruct.Pull = GPIO_NOPULL;
 507              		.loc 1 229 26 is_stmt 0 view .LVU116
 508 004e 0223     		movs	r3, #2
 509 0050 0493     		str	r3, [sp, #16]
 230:Core/Src/stm32f4xx_hal_msp.c ****     GPIO_InitStruct.Speed = GPIO_SPEED_FREQ_VERY_HIGH;
 510              		.loc 1 230 5 is_stmt 1 view .LVU117
 231:Core/Src/stm32f4xx_hal_msp.c ****     GPIO_InitStruct.Alternate = GPIO_AF7_USART2;
 511              		.loc 1 231 5 view .LVU118
 231:Core/Src/stm32f4xx_hal_msp.c ****     GPIO_InitStruct.Alternate = GPIO_AF7_USART2;
 512              		.loc 1 231 27 is_stmt 0 view .LVU119
 513 0052 0323     		movs	r3, #3
 514 0054 0693     		str	r3, [sp, #24]
 232:Core/Src/stm32f4xx_hal_msp.c ****     HAL_GPIO_Init(GPIOA, &GPIO_InitStruct);
 515              		.loc 1 232 5 is_stmt 1 view .LVU120
 232:Core/Src/stm32f4xx_hal_msp.c ****     HAL_GPIO_Init(GPIOA, &GPIO_InitStruct);
 516              		.loc 1 232 31 is_stmt 0 view .LVU121
 517 0056 0723     		movs	r3, #7
 518 0058 0793     		str	r3, [sp, #28]
 233:Core/Src/stm32f4xx_hal_msp.c **** 
 519              		.loc 1 233 5 is_stmt 1 view .LVU122
 520 005a 03A9     		add	r1, sp, #12
 521 005c 0648     		ldr	r0, .L33+4
 522              	.LVL23:
 233:Core/Src/stm32f4xx_hal_msp.c **** 
 523              		.loc 1 233 5 is_stmt 0 view .LVU123
 524 005e FFF7FEFF 		bl	HAL_GPIO_Init
 525              	.LVL24:
 236:Core/Src/stm32f4xx_hal_msp.c ****     HAL_NVIC_EnableIRQ(USART2_IRQn);
 526              		.loc 1 236 5 is_stmt 1 view .LVU124
 527 0062 2246     		mov	r2, r4
 528 0064 2146     		mov	r1, r4
 529 0066 2620     		movs	r0, #38
 530 0068 FFF7FEFF 		bl	HAL_NVIC_SetPriority
 531              	.LVL25:
 237:Core/Src/stm32f4xx_hal_msp.c ****   /* USER CODE BEGIN USART2_MspInit 1 */
 532              		.loc 1 237 5 view .LVU125
 533 006c 2620     		movs	r0, #38
 534 006e FFF7FEFF 		bl	HAL_NVIC_EnableIRQ
 535              	.LVL26:
 536              		.loc 1 243 1 is_stmt 0 view .LVU126
 537 0072 D1E7     		b	.L29
 538              	.L34:
 539              		.align	2
 540              	.L33:
 541 0074 00440040 		.word	1073759232
 542 0078 00000240 		.word	1073872896
 543              		.cfi_endproc
 544              	.LFE139:
 546              		.section	.text.HAL_UART_MspDeInit,"ax",%progbits
 547              		.align	1
 548              		.global	HAL_UART_MspDeInit
 549              		.syntax unified
 550              		.thumb
 551              		.thumb_func
 553              	HAL_UART_MspDeInit:
ARM GAS  /var/folders/2h/lww79zv53b510qlyvytqnvq40000gn/T//ccoZYEZZ.s 			page 16


 554              	.LVL27:
 555              	.LFB140:
 244:Core/Src/stm32f4xx_hal_msp.c **** 
 245:Core/Src/stm32f4xx_hal_msp.c **** /**
 246:Core/Src/stm32f4xx_hal_msp.c **** * @brief UART MSP De-Initialization
 247:Core/Src/stm32f4xx_hal_msp.c **** * This function freeze the hardware resources used in this example
 248:Core/Src/stm32f4xx_hal_msp.c **** * @param huart: UART handle pointer
 249:Core/Src/stm32f4xx_hal_msp.c **** * @retval None
 250:Core/Src/stm32f4xx_hal_msp.c **** */
 251:Core/Src/stm32f4xx_hal_msp.c **** void HAL_UART_MspDeInit(UART_HandleTypeDef* huart)
 252:Core/Src/stm32f4xx_hal_msp.c **** {
 556              		.loc 1 252 1 is_stmt 1 view -0
 557              		.cfi_startproc
 558              		@ args = 0, pretend = 0, frame = 0
 559              		@ frame_needed = 0, uses_anonymous_args = 0
 560              		.loc 1 252 1 is_stmt 0 view .LVU128
 561 0000 08B5     		push	{r3, lr}
 562              	.LCFI16:
 563              		.cfi_def_cfa_offset 8
 564              		.cfi_offset 3, -8
 565              		.cfi_offset 14, -4
 253:Core/Src/stm32f4xx_hal_msp.c ****   if(huart->Instance==USART2)
 566              		.loc 1 253 3 is_stmt 1 view .LVU129
 567              		.loc 1 253 11 is_stmt 0 view .LVU130
 568 0002 0268     		ldr	r2, [r0]
 569              		.loc 1 253 5 view .LVU131
 570 0004 084B     		ldr	r3, .L39
 571 0006 9A42     		cmp	r2, r3
 572 0008 00D0     		beq	.L38
 573              	.LVL28:
 574              	.L35:
 254:Core/Src/stm32f4xx_hal_msp.c ****   {
 255:Core/Src/stm32f4xx_hal_msp.c ****   /* USER CODE BEGIN USART2_MspDeInit 0 */
 256:Core/Src/stm32f4xx_hal_msp.c **** 
 257:Core/Src/stm32f4xx_hal_msp.c ****   /* USER CODE END USART2_MspDeInit 0 */
 258:Core/Src/stm32f4xx_hal_msp.c ****     /* Peripheral clock disable */
 259:Core/Src/stm32f4xx_hal_msp.c ****     __HAL_RCC_USART2_CLK_DISABLE();
 260:Core/Src/stm32f4xx_hal_msp.c **** 
 261:Core/Src/stm32f4xx_hal_msp.c ****     /**USART2 GPIO Configuration
 262:Core/Src/stm32f4xx_hal_msp.c ****     PA2     ------> USART2_TX
 263:Core/Src/stm32f4xx_hal_msp.c ****     PA3     ------> USART2_RX
 264:Core/Src/stm32f4xx_hal_msp.c ****     */
 265:Core/Src/stm32f4xx_hal_msp.c ****     HAL_GPIO_DeInit(GPIOA, GPIO_PIN_2|GPIO_PIN_3);
 266:Core/Src/stm32f4xx_hal_msp.c **** 
 267:Core/Src/stm32f4xx_hal_msp.c ****     /* USART2 interrupt DeInit */
 268:Core/Src/stm32f4xx_hal_msp.c ****     HAL_NVIC_DisableIRQ(USART2_IRQn);
 269:Core/Src/stm32f4xx_hal_msp.c ****   /* USER CODE BEGIN USART2_MspDeInit 1 */
 270:Core/Src/stm32f4xx_hal_msp.c **** 
 271:Core/Src/stm32f4xx_hal_msp.c ****   /* USER CODE END USART2_MspDeInit 1 */
 272:Core/Src/stm32f4xx_hal_msp.c ****   }
 273:Core/Src/stm32f4xx_hal_msp.c **** 
 274:Core/Src/stm32f4xx_hal_msp.c **** }
 575              		.loc 1 274 1 view .LVU132
 576 000a 08BD     		pop	{r3, pc}
 577              	.LVL29:
 578              	.L38:
 259:Core/Src/stm32f4xx_hal_msp.c **** 
ARM GAS  /var/folders/2h/lww79zv53b510qlyvytqnvq40000gn/T//ccoZYEZZ.s 			page 17


 579              		.loc 1 259 5 is_stmt 1 view .LVU133
 580 000c 074A     		ldr	r2, .L39+4
 581 000e 136C     		ldr	r3, [r2, #64]
 582 0010 23F40033 		bic	r3, r3, #131072
 583 0014 1364     		str	r3, [r2, #64]
 265:Core/Src/stm32f4xx_hal_msp.c **** 
 584              		.loc 1 265 5 view .LVU134
 585 0016 0C21     		movs	r1, #12
 586 0018 0548     		ldr	r0, .L39+8
 587              	.LVL30:
 265:Core/Src/stm32f4xx_hal_msp.c **** 
 588              		.loc 1 265 5 is_stmt 0 view .LVU135
 589 001a FFF7FEFF 		bl	HAL_GPIO_DeInit
 590              	.LVL31:
 268:Core/Src/stm32f4xx_hal_msp.c ****   /* USER CODE BEGIN USART2_MspDeInit 1 */
 591              		.loc 1 268 5 is_stmt 1 view .LVU136
 592 001e 2620     		movs	r0, #38
 593 0020 FFF7FEFF 		bl	HAL_NVIC_DisableIRQ
 594              	.LVL32:
 595              		.loc 1 274 1 is_stmt 0 view .LVU137
 596 0024 F1E7     		b	.L35
 597              	.L40:
 598 0026 00BF     		.align	2
 599              	.L39:
 600 0028 00440040 		.word	1073759232
 601 002c 00380240 		.word	1073887232
 602 0030 00000240 		.word	1073872896
 603              		.cfi_endproc
 604              	.LFE140:
 606              		.text
 607              	.Letext0:
 608              		.file 2 "Drivers/CMSIS/Device/ST/STM32F4xx/Include/stm32f446xx.h"
 609              		.file 3 "/Applications/ArmGNUToolchain/12.3.rel1/arm-none-eabi/arm-none-eabi/include/machine/_defa
 610              		.file 4 "/Applications/ArmGNUToolchain/12.3.rel1/arm-none-eabi/arm-none-eabi/include/sys/_stdint.h
 611              		.file 5 "Drivers/STM32F4xx_HAL_Driver/Inc/stm32f4xx_hal_def.h"
 612              		.file 6 "Drivers/STM32F4xx_HAL_Driver/Inc/stm32f4xx_hal_gpio.h"
 613              		.file 7 "Drivers/STM32F4xx_HAL_Driver/Inc/stm32f4xx_hal_dma.h"
 614              		.file 8 "Drivers/STM32F4xx_HAL_Driver/Inc/stm32f4xx_hal_dac.h"
 615              		.file 9 "Drivers/STM32F4xx_HAL_Driver/Inc/stm32f4xx_hal_tim.h"
 616              		.file 10 "Drivers/STM32F4xx_HAL_Driver/Inc/stm32f4xx_hal_uart.h"
 617              		.file 11 "Drivers/STM32F4xx_HAL_Driver/Inc/stm32f4xx_hal_cortex.h"
ARM GAS  /var/folders/2h/lww79zv53b510qlyvytqnvq40000gn/T//ccoZYEZZ.s 			page 18


DEFINED SYMBOLS
                            *ABS*:00000000 stm32f4xx_hal_msp.c
/var/folders/2h/lww79zv53b510qlyvytqnvq40000gn/T//ccoZYEZZ.s:21     .text.HAL_MspInit:00000000 $t
/var/folders/2h/lww79zv53b510qlyvytqnvq40000gn/T//ccoZYEZZ.s:27     .text.HAL_MspInit:00000000 HAL_MspInit
/var/folders/2h/lww79zv53b510qlyvytqnvq40000gn/T//ccoZYEZZ.s:80     .text.HAL_MspInit:00000034 $d
/var/folders/2h/lww79zv53b510qlyvytqnvq40000gn/T//ccoZYEZZ.s:85     .text.HAL_DAC_MspInit:00000000 $t
/var/folders/2h/lww79zv53b510qlyvytqnvq40000gn/T//ccoZYEZZ.s:91     .text.HAL_DAC_MspInit:00000000 HAL_DAC_MspInit
/var/folders/2h/lww79zv53b510qlyvytqnvq40000gn/T//ccoZYEZZ.s:189    .text.HAL_DAC_MspInit:00000060 $d
/var/folders/2h/lww79zv53b510qlyvytqnvq40000gn/T//ccoZYEZZ.s:195    .text.HAL_DAC_MspDeInit:00000000 $t
/var/folders/2h/lww79zv53b510qlyvytqnvq40000gn/T//ccoZYEZZ.s:201    .text.HAL_DAC_MspDeInit:00000000 HAL_DAC_MspDeInit
/var/folders/2h/lww79zv53b510qlyvytqnvq40000gn/T//ccoZYEZZ.s:244    .text.HAL_DAC_MspDeInit:00000020 $d
/var/folders/2h/lww79zv53b510qlyvytqnvq40000gn/T//ccoZYEZZ.s:251    .text.HAL_TIM_Encoder_MspInit:00000000 $t
/var/folders/2h/lww79zv53b510qlyvytqnvq40000gn/T//ccoZYEZZ.s:257    .text.HAL_TIM_Encoder_MspInit:00000000 HAL_TIM_Encoder_MspInit
/var/folders/2h/lww79zv53b510qlyvytqnvq40000gn/T//ccoZYEZZ.s:359    .text.HAL_TIM_Encoder_MspInit:00000064 $d
/var/folders/2h/lww79zv53b510qlyvytqnvq40000gn/T//ccoZYEZZ.s:364    .text.HAL_TIM_Encoder_MspDeInit:00000000 $t
/var/folders/2h/lww79zv53b510qlyvytqnvq40000gn/T//ccoZYEZZ.s:370    .text.HAL_TIM_Encoder_MspDeInit:00000000 HAL_TIM_Encoder_MspDeInit
/var/folders/2h/lww79zv53b510qlyvytqnvq40000gn/T//ccoZYEZZ.s:412    .text.HAL_TIM_Encoder_MspDeInit:00000020 $d
/var/folders/2h/lww79zv53b510qlyvytqnvq40000gn/T//ccoZYEZZ.s:418    .text.HAL_UART_MspInit:00000000 $t
/var/folders/2h/lww79zv53b510qlyvytqnvq40000gn/T//ccoZYEZZ.s:424    .text.HAL_UART_MspInit:00000000 HAL_UART_MspInit
/var/folders/2h/lww79zv53b510qlyvytqnvq40000gn/T//ccoZYEZZ.s:541    .text.HAL_UART_MspInit:00000074 $d
/var/folders/2h/lww79zv53b510qlyvytqnvq40000gn/T//ccoZYEZZ.s:547    .text.HAL_UART_MspDeInit:00000000 $t
/var/folders/2h/lww79zv53b510qlyvytqnvq40000gn/T//ccoZYEZZ.s:553    .text.HAL_UART_MspDeInit:00000000 HAL_UART_MspDeInit
/var/folders/2h/lww79zv53b510qlyvytqnvq40000gn/T//ccoZYEZZ.s:600    .text.HAL_UART_MspDeInit:00000028 $d

UNDEFINED SYMBOLS
HAL_GPIO_Init
HAL_GPIO_DeInit
HAL_NVIC_SetPriority
HAL_NVIC_EnableIRQ
HAL_NVIC_DisableIRQ
